0 info it worked if it ends with ok
1 verbose cli [ 'node', '/usr/local/node/bin/npm', 'run', 'test' ]
2 info using npm@1.4.4
3 info using node@v0.10.25
4 verbose run-script [ 'pretest', 'test', 'posttest' ]
5 info pretest Nodemon@0.0.1
6 info test Nodemon@0.0.1
7 verbose unsafe-perm in lifecycle true
8 info Nodemon@0.0.1 Failed to exec test script
9 error Nodemon@0.0.1 test: `mocha --recursive test`
9 error Exit status 2
10 error Failed at the Nodemon@0.0.1 test script.
10 error This is most likely a problem with the Nodemon package,
10 error not with npm itself.
10 error Tell the author that this fails on your system:
10 error     mocha --recursive test
10 error You can get their info via:
10 error     npm owner ls Nodemon
10 error There is likely additional logging output above.
11 error System Linux 3.11.0-12-generic
12 error command "node" "/usr/local/node/bin/npm" "run" "test"
13 error cwd /data/code/projects/javagotchi
14 error node -v v0.10.25
15 error npm -v 1.4.4
16 error code ELIFECYCLE
17 verbose exit [ 1, true ]
